<?xml version="1.0" encoding="UTF-8"?>
<!-- Generated by org.testng.reporters.JUnitReportReporter -->
<testsuite hostname="Jai" failures="0" tests="3" name="com.Test.LoginPage" time="8.187" errors="0" timestamp="2024-07-30T14:08:18 IST" skipped="0">
  <testcase classname="com.Test.LoginPage" name="getlistofproducts" time="0.569"/>
  <testcase classname="com.Test.LoginPage" name="browserlaunch" time="7.612"/>
  <testcase classname="com.Test.LoginPage" name="paramcheck" time="0.006"/>
</testsuite> <!-- com.Test.LoginPage -->
