<?xml version="1.0" encoding="UTF-8"?>
<!-- Generated by org.testng.reporters.JUnitReportReporter -->
<testsuite hostname="Jai" failures="0" tests="2" name="com.Test.LoginandProductpagevalidationII" time="17.154" errors="0" timestamp="2024-08-12T17:57:35 IST" skipped="0">
  <testcase classname="com.Test.LoginandProductpagevalidationII" name="submitorder" time="9.612"/>
  <testcase classname="com.Test.LoginandProductpagevalidationII" name="submitorder" time="7.542"/>
</testsuite> <!-- com.Test.LoginandProductpagevalidationII -->
